Copyright 1986-2018 Xilinx, Inc. All Rights Reserved.
------------------------------------------------------------------------------------------------------
| Tool Version : Vivado v.2018.3 (lin64) Build 2405991 Thu Dec  6 23:36:41 MST 2018
| Date         : Wed May 18 08:48:41 2022
| Host         : lam running 64-bit Ubuntu 20.04.4 LTS
| Command      : report_utilization -hierarchical -file s002_blink_utilization_hierarchical_place.rpt
| Design       : s002_blink
| Device       : 7k325tffg900-2
| Design State : Fully Placed
------------------------------------------------------------------------------------------------------

Utilization Design Information

Table of Contents
-----------------
1. Utilization by Hierarchy

1. Utilization by Hierarchy
---------------------------

+------------+--------+------------+------------+---------+------+-----+--------+--------+--------------+
|  Instance  | Module | Total LUTs | Logic LUTs | LUTRAMs | SRLs | FFs | RAMB36 | RAMB18 | DSP48 Blocks |
+------------+--------+------------+------------+---------+------+-----+--------+--------+--------------+
| s002_blink |  (top) |         41 |         41 |       0 |    0 |  34 |      0 |      0 |            0 |
+------------+--------+------------+------------+---------+------+-----+--------+--------+--------------+
* Note: The sum of lower-level cells may be larger than their parent cells total, due to cross-hierarchy LUT combining


