#-----------------------------------------------------------
# Vivado v2018.3 (64-bit)
# SW Build 2405991 on Thu Dec  6 23:36:41 MST 2018
# IP Build 2404404 on Fri Dec  7 01:43:56 MST 2018
# Start of session at: Tue May 17 00:07:28 2022
# Process ID: 43381
# Current directory: /home/lam/data2/edabk/fpga_101/lab001/solutions/build_s004_switches
# Command line: vivado -mode batch -source s004_switches.tcl
# Log file: /home/lam/data2/edabk/fpga_101/lab001/solutions/build_s004_switches/vivado.log
# Journal file: /home/lam/data2/edabk/fpga_101/lab001/solutions/build_s004_switches/vivado.jou
#-----------------------------------------------------------
source s004_switches.tcl
# create_project -force -name s004_switches -part xc7k325t-ffg900-2
# set_msg_config -id {Common 17-55} -new_severity {Warning}
# read_verilog {/home/lam/data2/edabk/fpga_101/lab001/solutions/build_s004_switches/s004_switches.v}
# read_xdc s004_switches.xdc
# set_property PROCESSING_ORDER EARLY [get_files s004_switches.xdc]
# synth_design -directive default -top s004_switches -part xc7k325t-ffg900-2
Command: synth_design -directive default -top s004_switches -part xc7k325t-ffg900-2
Starting synth_design
Attempting to get a license for feature 'Synthesis' and/or device 'xc7k325t'
INFO: [Common 17-349] Got license for feature 'Synthesis' and/or device 'xc7k325t'
INFO: [Common 17-86] Your Synthesis license expires in 17 day(s)
INFO: Launching helper process for spawning children vivado processes
INFO: Helper process launched with PID 43407 
---------------------------------------------------------------------------------
Starting RTL Elaboration : Time (s): cpu = 00:00:03 ; elapsed = 00:00:04 . Memory (MB): peak = 1403.078 ; gain = 49.000 ; free physical = 1834 ; free virtual = 6132
---------------------------------------------------------------------------------
INFO: [Synth 8-6157] synthesizing module 's004_switches' [/home/lam/data2/edabk/fpga_101/lab001/solutions/build_s004_switches/s004_switches.v:20]
INFO: [Synth 8-5534] Detected attribute (* dont_touch = "true" *) [/home/lam/data2/edabk/fpga_101/lab001/solutions/build_s004_switches/s004_switches.v:31]
INFO: [Synth 8-6157] synthesizing module 'IBUFDS' [/opt/Xilinx/Vivado/2018.3/scripts/rt/data/unisim_comp.v:20423]
	Parameter CAPACITANCE bound to: DONT_CARE - type: string 
	Parameter DIFF_TERM bound to: FALSE - type: string 
	Parameter DQS_BIAS bound to: FALSE - type: string 
	Parameter IBUF_DELAY_VALUE bound to: 0 - type: string 
	Parameter IBUF_LOW_PWR bound to: TRUE - type: string 
	Parameter IFD_DELAY_VALUE bound to: AUTO - type: string 
	Parameter IOSTANDARD bound to: DEFAULT - type: string 
INFO: [Synth 8-6155] done synthesizing module 'IBUFDS' (1#1) [/opt/Xilinx/Vivado/2018.3/scripts/rt/data/unisim_comp.v:20423]
INFO: [Synth 8-6155] done synthesizing module 's004_switches' (2#1) [/home/lam/data2/edabk/fpga_101/lab001/solutions/build_s004_switches/s004_switches.v:20]
---------------------------------------------------------------------------------
Finished RTL Elaboration : Time (s): cpu = 00:00:04 ; elapsed = 00:00:05 . Memory (MB): peak = 1446.828 ; gain = 92.750 ; free physical = 1845 ; free virtual = 6146
---------------------------------------------------------------------------------

Report Check Netlist: 
+------+------------------+-------+---------+-------+------------------+
|      |Item              |Errors |Warnings |Status |Description       |
+------+------------------+-------+---------+-------+------------------+
|1     |multi_driven_nets |      0|        0|Passed |Multi driven nets |
+------+------------------+-------+---------+-------+------------------+
---------------------------------------------------------------------------------
Start Handling Custom Attributes
---------------------------------------------------------------------------------
---------------------------------------------------------------------------------
Finished Handling Custom Attributes : Time (s): cpu = 00:00:04 ; elapsed = 00:00:06 . Memory (MB): peak = 1446.828 ; gain = 92.750 ; free physical = 1844 ; free virtual = 6146
---------------------------------------------------------------------------------
---------------------------------------------------------------------------------
Finished RTL Optimization Phase 1 : Time (s): cpu = 00:00:04 ; elapsed = 00:00:06 . Memory (MB): peak = 1446.828 ; gain = 92.750 ; free physical = 1844 ; free virtual = 6146
---------------------------------------------------------------------------------
INFO: [Netlist 29-17] Analyzing 1 Unisim elements for replacement
INFO: [Netlist 29-28] Unisim Transformation completed in 0 CPU seconds
INFO: [Device 21-403] Loading part xc7k325tffg900-2
INFO: [Project 1-570] Preparing netlist for logic optimization

Processing XDC Constraints
Initializing timing engine
Parsing XDC File [/home/lam/data2/edabk/fpga_101/lab001/solutions/build_s004_switches/s004_switches.xdc]
WARNING: [Vivado 12-1023] No nets matched for command 'get_nets -hierarchical -filter {mr_ff == TRUE}'. [/home/lam/data2/edabk/fpga_101/lab001/solutions/build_s004_switches/s004_switches.xdc:68]
WARNING: [Vivado 12-180] No cells matched 'get_cells -hierarchical -filter {ars_ff1 == TRUE || ars_ff2 == TRUE}'. [/home/lam/data2/edabk/fpga_101/lab001/solutions/build_s004_switches/s004_switches.xdc:70]
WARNING: [Vivado 12-508] No pins matched 'get_pins -filter {REF_PIN_NAME == PRE} -of_objects [get_cells -hierarchical -filter {ars_ff1 == TRUE || ars_ff2 == TRUE}]'. [/home/lam/data2/edabk/fpga_101/lab001/solutions/build_s004_switches/s004_switches.xdc:70]
WARNING: [Vivado 12-180] No cells matched 'get_cells -hierarchical -filter {ars_ff1 == TRUE}'. [/home/lam/data2/edabk/fpga_101/lab001/solutions/build_s004_switches/s004_switches.xdc:72]
WARNING: [Vivado 12-508] No pins matched 'get_pins -filter {REF_PIN_NAME == C} -of_objects [get_cells -hierarchical -filter {ars_ff1 == TRUE}]'. [/home/lam/data2/edabk/fpga_101/lab001/solutions/build_s004_switches/s004_switches.xdc:72]
WARNING: [Vivado 12-180] No cells matched 'get_cells -hierarchical -filter {ars_ff2 == TRUE}'. [/home/lam/data2/edabk/fpga_101/lab001/solutions/build_s004_switches/s004_switches.xdc:72]
WARNING: [Vivado 12-508] No pins matched 'get_pins -filter {REF_PIN_NAME == D} -of_objects [get_cells -hierarchical -filter {ars_ff2 == TRUE}]'. [/home/lam/data2/edabk/fpga_101/lab001/solutions/build_s004_switches/s004_switches.xdc:72]
Finished Parsing XDC File [/home/lam/data2/edabk/fpga_101/lab001/solutions/build_s004_switches/s004_switches.xdc]
INFO: [Project 1-236] Implementation specific constraints were found while reading constraint file [/home/lam/data2/edabk/fpga_101/lab001/solutions/build_s004_switches/s004_switches.xdc]. These constraints will be ignored for synthesis but will be used in implementation. Impacted constraints are listed in the file [.Xil/s004_switches_propImpl.xdc].
Resolution: To avoid this warning, move constraints listed in [.Xil/s004_switches_propImpl.xdc] to another XDC file and exclude this new file from synthesis with the used_in_synthesis property (File Properties dialog in GUI) and re-run elaboration/synthesis.
Netlist sorting complete. Time (s): cpu = 00:00:00 ; elapsed = 00:00:00 . Memory (MB): peak = 1774.492 ; gain = 0.000 ; free physical = 1545 ; free virtual = 5847
Completed Processing XDC Constraints

Netlist sorting complete. Time (s): cpu = 00:00:00 ; elapsed = 00:00:00 . Memory (MB): peak = 1774.492 ; gain = 0.000 ; free physical = 1546 ; free virtual = 5847
INFO: [Project 1-111] Unisim Transformation Summary:
No Unisim elements were transformed.

Netlist sorting complete. Time (s): cpu = 00:00:00 ; elapsed = 00:00:00 . Memory (MB): peak = 1774.492 ; gain = 0.000 ; free physical = 1546 ; free virtual = 5847
Constraint Validation Runtime : Time (s): cpu = 00:00:00 ; elapsed = 00:00:00 . Memory (MB): peak = 1774.492 ; gain = 0.000 ; free physical = 1546 ; free virtual = 5847
---------------------------------------------------------------------------------
Finished Constraint Validation : Time (s): cpu = 00:00:16 ; elapsed = 00:00:19 . Memory (MB): peak = 1774.492 ; gain = 420.414 ; free physical = 1604 ; free virtual = 5920
---------------------------------------------------------------------------------
---------------------------------------------------------------------------------
Start Loading Part and Timing Information
---------------------------------------------------------------------------------
Loading part: xc7k325tffg900-2
---------------------------------------------------------------------------------
Finished Loading Part and Timing Information : Time (s): cpu = 00:00:16 ; elapsed = 00:00:19 . Memory (MB): peak = 1774.492 ; gain = 420.414 ; free physical = 1604 ; free virtual = 5920
---------------------------------------------------------------------------------
---------------------------------------------------------------------------------
Start Applying 'set_property' XDC Constraints
---------------------------------------------------------------------------------
---------------------------------------------------------------------------------
Finished applying 'set_property' XDC Constraints : Time (s): cpu = 00:00:16 ; elapsed = 00:00:19 . Memory (MB): peak = 1774.492 ; gain = 420.414 ; free physical = 1602 ; free virtual = 5923
---------------------------------------------------------------------------------
---------------------------------------------------------------------------------
Finished RTL Optimization Phase 2 : Time (s): cpu = 00:00:16 ; elapsed = 00:00:19 . Memory (MB): peak = 1774.492 ; gain = 420.414 ; free physical = 1604 ; free virtual = 5921
---------------------------------------------------------------------------------

Report RTL Partitions: 
+-+--------------+------------+----------+
| |RTL Partition |Replication |Instances |
+-+--------------+------------+----------+
+-+--------------+------------+----------+
---------------------------------------------------------------------------------
Start RTL Component Statistics 
---------------------------------------------------------------------------------
Detailed RTL Component Info : 
---------------------------------------------------------------------------------
Finished RTL Component Statistics 
---------------------------------------------------------------------------------
---------------------------------------------------------------------------------
Start RTL Hierarchical Component Statistics 
---------------------------------------------------------------------------------
Hierarchical RTL Component report 
---------------------------------------------------------------------------------
Finished RTL Hierarchical Component Statistics
---------------------------------------------------------------------------------
---------------------------------------------------------------------------------
Start Part Resource Summary
---------------------------------------------------------------------------------
Part Resources:
DSPs: 840 (col length:140)
BRAMs: 890 (col length: RAMB18 140 RAMB36 70)
---------------------------------------------------------------------------------
Finished Part Resource Summary
---------------------------------------------------------------------------------
---------------------------------------------------------------------------------
Start Cross Boundary and Area Optimization
---------------------------------------------------------------------------------
Warning: Parallel synthesis criteria is not met 
---------------------------------------------------------------------------------
Finished Cross Boundary and Area Optimization : Time (s): cpu = 00:00:16 ; elapsed = 00:00:20 . Memory (MB): peak = 1774.492 ; gain = 420.414 ; free physical = 1592 ; free virtual = 5910
---------------------------------------------------------------------------------

Report RTL Partitions: 
+-+--------------+------------+----------+
| |RTL Partition |Replication |Instances |
+-+--------------+------------+----------+
+-+--------------+------------+----------+
---------------------------------------------------------------------------------
Start Applying XDC Timing Constraints
---------------------------------------------------------------------------------
---------------------------------------------------------------------------------
Finished Applying XDC Timing Constraints : Time (s): cpu = 00:00:26 ; elapsed = 00:00:30 . Memory (MB): peak = 1776.477 ; gain = 422.398 ; free physical = 1486 ; free virtual = 5843
---------------------------------------------------------------------------------
---------------------------------------------------------------------------------
Start Timing Optimization
---------------------------------------------------------------------------------
---------------------------------------------------------------------------------
Finished Timing Optimization : Time (s): cpu = 00:00:26 ; elapsed = 00:00:30 . Memory (MB): peak = 1776.477 ; gain = 422.398 ; free physical = 1486 ; free virtual = 5843
---------------------------------------------------------------------------------

Report RTL Partitions: 
+-+--------------+------------+----------+
| |RTL Partition |Replication |Instances |
+-+--------------+------------+----------+
+-+--------------+------------+----------+
---------------------------------------------------------------------------------
Start Technology Mapping
---------------------------------------------------------------------------------
---------------------------------------------------------------------------------
Finished Technology Mapping : Time (s): cpu = 00:00:26 ; elapsed = 00:00:30 . Memory (MB): peak = 1786.492 ; gain = 432.414 ; free physical = 1484 ; free virtual = 5842
---------------------------------------------------------------------------------

Report RTL Partitions: 
+-+--------------+------------+----------+
| |RTL Partition |Replication |Instances |
+-+--------------+------------+----------+
+-+--------------+------------+----------+
---------------------------------------------------------------------------------
Start IO Insertion
---------------------------------------------------------------------------------
---------------------------------------------------------------------------------
Start Flattening Before IO Insertion
---------------------------------------------------------------------------------
---------------------------------------------------------------------------------
Finished Flattening Before IO Insertion
---------------------------------------------------------------------------------
---------------------------------------------------------------------------------
Start Final Netlist Cleanup
---------------------------------------------------------------------------------
---------------------------------------------------------------------------------
Finished Final Netlist Cleanup
---------------------------------------------------------------------------------
---------------------------------------------------------------------------------
Finished IO Insertion : Time (s): cpu = 00:00:28 ; elapsed = 00:00:31 . Memory (MB): peak = 1786.492 ; gain = 432.414 ; free physical = 1487 ; free virtual = 5843
---------------------------------------------------------------------------------

Report Check Netlist: 
+------+------------------+-------+---------+-------+------------------+
|      |Item              |Errors |Warnings |Status |Description       |
+------+------------------+-------+---------+-------+------------------+
|1     |multi_driven_nets |      0|        0|Passed |Multi driven nets |
+------+------------------+-------+---------+-------+------------------+
---------------------------------------------------------------------------------
Start Renaming Generated Instances
---------------------------------------------------------------------------------
---------------------------------------------------------------------------------
Finished Renaming Generated Instances : Time (s): cpu = 00:00:28 ; elapsed = 00:00:31 . Memory (MB): peak = 1786.492 ; gain = 432.414 ; free physical = 1487 ; free virtual = 5843
---------------------------------------------------------------------------------

Report RTL Partitions: 
+-+--------------+------------+----------+
| |RTL Partition |Replication |Instances |
+-+--------------+------------+----------+
+-+--------------+------------+----------+
---------------------------------------------------------------------------------
Start Rebuilding User Hierarchy
---------------------------------------------------------------------------------
---------------------------------------------------------------------------------
Finished Rebuilding User Hierarchy : Time (s): cpu = 00:00:28 ; elapsed = 00:00:31 . Memory (MB): peak = 1786.492 ; gain = 432.414 ; free physical = 1487 ; free virtual = 5843
---------------------------------------------------------------------------------
---------------------------------------------------------------------------------
Start Renaming Generated Ports
---------------------------------------------------------------------------------
---------------------------------------------------------------------------------
Finished Renaming Generated Ports : Time (s): cpu = 00:00:28 ; elapsed = 00:00:31 . Memory (MB): peak = 1786.492 ; gain = 432.414 ; free physical = 1487 ; free virtual = 5843
---------------------------------------------------------------------------------
---------------------------------------------------------------------------------
Start Handling Custom Attributes
---------------------------------------------------------------------------------
---------------------------------------------------------------------------------
Finished Handling Custom Attributes : Time (s): cpu = 00:00:28 ; elapsed = 00:00:31 . Memory (MB): peak = 1786.492 ; gain = 432.414 ; free physical = 1487 ; free virtual = 5843
---------------------------------------------------------------------------------
---------------------------------------------------------------------------------
Start Renaming Generated Nets
---------------------------------------------------------------------------------
---------------------------------------------------------------------------------
Finished Renaming Generated Nets : Time (s): cpu = 00:00:28 ; elapsed = 00:00:31 . Memory (MB): peak = 1786.492 ; gain = 432.414 ; free physical = 1487 ; free virtual = 5843
---------------------------------------------------------------------------------
---------------------------------------------------------------------------------
Start Writing Synthesis Report
---------------------------------------------------------------------------------

Report BlackBoxes: 
+-+--------------+----------+
| |BlackBox name |Instances |
+-+--------------+----------+
+-+--------------+----------+

Report Cell Usage: 
+------+-------+------+
|      |Cell   |Count |
+------+-------+------+
|1     |LUT1   |     1|
|2     |IBUF   |     5|
|3     |IBUFDS |     1|
|4     |OBUF   |     5|
+------+-------+------+

Report Instance Areas: 
+------+---------+-------+------+
|      |Instance |Module |Cells |
+------+---------+-------+------+
|1     |top      |       |    12|
+------+---------+-------+------+
---------------------------------------------------------------------------------
Finished Writing Synthesis Report : Time (s): cpu = 00:00:28 ; elapsed = 00:00:31 . Memory (MB): peak = 1786.492 ; gain = 432.414 ; free physical = 1487 ; free virtual = 5843
---------------------------------------------------------------------------------
Synthesis finished with 0 errors, 0 critical warnings and 0 warnings.
Synthesis Optimization Runtime : Time (s): cpu = 00:00:20 ; elapsed = 00:00:22 . Memory (MB): peak = 1786.492 ; gain = 104.750 ; free physical = 1543 ; free virtual = 5897
Synthesis Optimization Complete : Time (s): cpu = 00:00:28 ; elapsed = 00:00:31 . Memory (MB): peak = 1786.500 ; gain = 432.414 ; free physical = 1553 ; free virtual = 5907
INFO: [Project 1-571] Translating synthesized netlist
INFO: [Netlist 29-17] Analyzing 1 Unisim elements for replacement
INFO: [Netlist 29-28] Unisim Transformation completed in 0 CPU seconds
INFO: [Project 1-570] Preparing netlist for logic optimization
Parsing XDC File [/home/lam/data2/edabk/fpga_101/lab001/solutions/build_s004_switches/s004_switches.xdc]
WARNING: [Vivado 12-1023] No nets matched for command 'get_nets -hierarchical -filter {mr_ff == TRUE}'. [/home/lam/data2/edabk/fpga_101/lab001/solutions/build_s004_switches/s004_switches.xdc:68]
WARNING: [Vivado 12-180] No cells matched 'get_cells -hierarchical -filter {ars_ff1 == TRUE || ars_ff2 == TRUE}'. [/home/lam/data2/edabk/fpga_101/lab001/solutions/build_s004_switches/s004_switches.xdc:70]
WARNING: [Vivado 12-508] No pins matched 'get_pins -filter {REF_PIN_NAME == PRE} -of_objects [get_cells -hierarchical -filter {ars_ff1 == TRUE || ars_ff2 == TRUE}]'. [/home/lam/data2/edabk/fpga_101/lab001/solutions/build_s004_switches/s004_switches.xdc:70]
WARNING: [Vivado 12-180] No cells matched 'get_cells -hierarchical -filter {ars_ff1 == TRUE}'. [/home/lam/data2/edabk/fpga_101/lab001/solutions/build_s004_switches/s004_switches.xdc:72]
WARNING: [Vivado 12-508] No pins matched 'get_pins -filter {REF_PIN_NAME == C} -of_objects [get_cells -hierarchical -filter {ars_ff1 == TRUE}]'. [/home/lam/data2/edabk/fpga_101/lab001/solutions/build_s004_switches/s004_switches.xdc:72]
WARNING: [Vivado 12-180] No cells matched 'get_cells -hierarchical -filter {ars_ff2 == TRUE}'. [/home/lam/data2/edabk/fpga_101/lab001/solutions/build_s004_switches/s004_switches.xdc:72]
WARNING: [Vivado 12-508] No pins matched 'get_pins -filter {REF_PIN_NAME == D} -of_objects [get_cells -hierarchical -filter {ars_ff2 == TRUE}]'. [/home/lam/data2/edabk/fpga_101/lab001/solutions/build_s004_switches/s004_switches.xdc:72]
Finished Parsing XDC File [/home/lam/data2/edabk/fpga_101/lab001/solutions/build_s004_switches/s004_switches.xdc]
INFO: [Opt 31-138] Pushed 0 inverter(s) to 0 load pin(s).
Netlist sorting complete. Time (s): cpu = 00:00:00 ; elapsed = 00:00:00 . Memory (MB): peak = 1807.492 ; gain = 0.000 ; free physical = 1529 ; free virtual = 5875
INFO: [Project 1-111] Unisim Transformation Summary:
No Unisim elements were transformed.

INFO: [Common 17-83] Releasing license: Synthesis
20 Infos, 14 Warnings, 0 Critical Warnings and 0 Errors encountered.
synth_design completed successfully
synth_design: Time (s): cpu = 00:00:32 ; elapsed = 00:00:34 . Memory (MB): peak = 1807.492 ; gain = 461.418 ; free physical = 1577 ; free virtual = 5923
# report_timing_summary -file s004_switches_timing_synth.rpt
INFO: [Timing 38-35] Done setting XDC timing constraints.
INFO: [Timing 38-91] UpdateTimingParams: Speed grade: -2, Delay Type: min_max.
INFO: [Timing 38-191] Multithreading enabled for timing update using a maximum of 8 CPUs
report_timing_summary: Time (s): cpu = 00:00:05 ; elapsed = 00:00:06 . Memory (MB): peak = 2220.918 ; gain = 413.426 ; free physical = 1220 ; free virtual = 5581
# report_utilization -hierarchical -file s004_switches_utilization_hierarchical_synth.rpt
# report_utilization -file s004_switches_utilization_synth.rpt
# opt_design -directive default
Command: opt_design -directive default
INFO: [Vivado_Tcl 4-136] Directive used for opt_design is: default
Attempting to get a license for feature 'Implementation' and/or device 'xc7k325t'
INFO: [Common 17-349] Got license for feature 'Implementation' and/or device 'xc7k325t'
INFO: [Common 17-86] Your Implementation license expires in 17 day(s)
Running DRC as a precondition to command opt_design

Starting DRC Task
INFO: [DRC 23-27] Running DRC with 8 threads
INFO: [Project 1-461] DRC finished with 0 Errors
INFO: [Project 1-462] Please refer to the DRC report (report_drc) for more information.

Time (s): cpu = 00:00:00.23 ; elapsed = 00:00:00.36 . Memory (MB): peak = 2289.316 ; gain = 64.031 ; free physical = 1218 ; free virtual = 5581

Starting Cache Timing Information Task
Ending Cache Timing Information Task | Checksum: 188b64334

Time (s): cpu = 00:00:00 ; elapsed = 00:00:00 . Memory (MB): peak = 2289.316 ; gain = 0.000 ; free physical = 1218 ; free virtual = 5581

Starting Logic Optimization Task

Phase 1 Retarget
INFO: [Opt 31-138] Pushed 0 inverter(s) to 0 load pin(s).
INFO: [Opt 31-49] Retargeted 0 cell(s).
Phase 1 Retarget | Checksum: 188b64334

Time (s): cpu = 00:00:00.01 ; elapsed = 00:00:00.04 . Memory (MB): peak = 2321.301 ; gain = 0.000 ; free physical = 1163 ; free virtual = 5500
INFO: [Opt 31-389] Phase Retarget created 0 cells and removed 0 cells

Phase 2 Constant propagation
INFO: [Opt 31-138] Pushed 0 inverter(s) to 0 load pin(s).
Phase 2 Constant propagation | Checksum: 188b64334

Time (s): cpu = 00:00:00.02 ; elapsed = 00:00:00.04 . Memory (MB): peak = 2321.301 ; gain = 0.000 ; free physical = 1163 ; free virtual = 5500
INFO: [Opt 31-389] Phase Constant propagation created 0 cells and removed 0 cells

Phase 3 Sweep
Phase 3 Sweep | Checksum: 188b64334

Time (s): cpu = 00:00:00.02 ; elapsed = 00:00:00.05 . Memory (MB): peak = 2321.301 ; gain = 0.000 ; free physical = 1162 ; free virtual = 5499
INFO: [Opt 31-389] Phase Sweep created 0 cells and removed 0 cells
INFO: [Opt 31-1021] In phase Sweep, 1 netlist objects are constrained preventing optimization. Please run opt_design with -debug_log to get more detail. 

Phase 4 BUFG optimization
Phase 4 BUFG optimization | Checksum: 188b64334

Time (s): cpu = 00:00:00.03 ; elapsed = 00:00:00.05 . Memory (MB): peak = 2321.301 ; gain = 0.000 ; free physical = 1164 ; free virtual = 5499
INFO: [Opt 31-662] Phase BUFG optimization created 0 cells of which 0 are BUFGs and removed 0 cells.

Phase 5 Shift Register Optimization
Phase 5 Shift Register Optimization | Checksum: 188b64334

Time (s): cpu = 00:00:00.10 ; elapsed = 00:00:00.13 . Memory (MB): peak = 2321.301 ; gain = 0.000 ; free physical = 1163 ; free virtual = 5498
INFO: [Opt 31-389] Phase Shift Register Optimization created 0 cells and removed 0 cells

Phase 6 Post Processing Netlist
Phase 6 Post Processing Netlist | Checksum: 188b64334

Time (s): cpu = 00:00:00.10 ; elapsed = 00:00:00.13 . Memory (MB): peak = 2321.301 ; gain = 0.000 ; free physical = 1163 ; free virtual = 5498
INFO: [Opt 31-389] Phase Post Processing Netlist created 0 cells and removed 0 cells
INFO: [Opt 31-1021] In phase Post Processing Netlist, 1 netlist objects are constrained preventing optimization. Please run opt_design with -debug_log to get more detail. 
Opt_design Change Summary
=========================


-------------------------------------------------------------------------------------------------------------------------
|  Phase                        |  #Cells created  |  #Cells Removed  |  #Constrained objects preventing optimizations  |
-------------------------------------------------------------------------------------------------------------------------
|  Retarget                     |               0  |               0  |                                              0  |
|  Constant propagation         |               0  |               0  |                                              0  |
|  Sweep                        |               0  |               0  |                                              1  |
|  BUFG optimization            |               0  |               0  |                                              0  |
|  Shift Register Optimization  |               0  |               0  |                                              0  |
|  Post Processing Netlist      |               0  |               0  |                                              1  |
-------------------------------------------------------------------------------------------------------------------------



Starting Connectivity Check Task

Time (s): cpu = 00:00:00.01 ; elapsed = 00:00:00 . Memory (MB): peak = 2321.301 ; gain = 0.000 ; free physical = 1163 ; free virtual = 5498
Ending Logic Optimization Task | Checksum: 188b64334

Time (s): cpu = 00:00:00.11 ; elapsed = 00:00:00.13 . Memory (MB): peak = 2321.301 ; gain = 0.000 ; free physical = 1163 ; free virtual = 5498

Starting Power Optimization Task
INFO: [Pwropt 34-132] Skipping clock gating for clocks with a period < 2.00 ns.
Ending Power Optimization Task | Checksum: 188b64334

Time (s): cpu = 00:00:00.02 ; elapsed = 00:00:00.03 . Memory (MB): peak = 2321.301 ; gain = 0.000 ; free physical = 1163 ; free virtual = 5498

Starting Final Cleanup Task
Ending Final Cleanup Task | Checksum: 188b64334

Time (s): cpu = 00:00:00 ; elapsed = 00:00:00 . Memory (MB): peak = 2321.301 ; gain = 0.000 ; free physical = 1163 ; free virtual = 5498

Starting Netlist Obfuscation Task
Netlist sorting complete. Time (s): cpu = 00:00:00 ; elapsed = 00:00:00 . Memory (MB): peak = 2321.301 ; gain = 0.000 ; free physical = 1163 ; free virtual = 5498
Ending Netlist Obfuscation Task | Checksum: 188b64334

Time (s): cpu = 00:00:00 ; elapsed = 00:00:00 . Memory (MB): peak = 2321.301 ; gain = 0.000 ; free physical = 1163 ; free virtual = 5498
INFO: [Common 17-83] Releasing license: Implementation
19 Infos, 0 Warnings, 0 Critical Warnings and 0 Errors encountered.
opt_design completed successfully
# place_design -directive default
Command: place_design -directive default
Attempting to get a license for feature 'Implementation' and/or device 'xc7k325t'
INFO: [Common 17-349] Got license for feature 'Implementation' and/or device 'xc7k325t'
INFO: [Common 17-86] Your Implementation license expires in 17 day(s)
INFO: [DRC 23-27] Running DRC with 8 threads
INFO: [Vivado_Tcl 4-198] DRC finished with 0 Errors
INFO: [Vivado_Tcl 4-199] Please refer to the DRC report (report_drc) for more information.
Running DRC as a precondition to command place_design
INFO: [DRC 23-27] Running DRC with 8 threads
INFO: [Vivado_Tcl 4-198] DRC finished with 0 Errors
INFO: [Vivado_Tcl 4-199] Please refer to the DRC report (report_drc) for more information.

Starting Placer Task
INFO: [Place 46-5] The placer was invoked with the 'default' directive.
INFO: [Place 30-611] Multithreading enabled for place_design using a maximum of 8 CPUs

Phase 1 Placer Initialization

Phase 1.1 Placer Initialization Netlist Sorting
Netlist sorting complete. Time (s): cpu = 00:00:00.01 ; elapsed = 00:00:00 . Memory (MB): peak = 2353.316 ; gain = 0.000 ; free physical = 1176 ; free virtual = 5493
Phase 1.1 Placer Initialization Netlist Sorting | Checksum: 15e1b50e4

Time (s): cpu = 00:00:00.02 ; elapsed = 00:00:00.03 . Memory (MB): peak = 2353.316 ; gain = 0.000 ; free physical = 1176 ; free virtual = 5493
Netlist sorting complete. Time (s): cpu = 00:00:00 ; elapsed = 00:00:00 . Memory (MB): peak = 2353.316 ; gain = 0.000 ; free physical = 1176 ; free virtual = 5493

Phase 1.2 IO Placement/ Clock Placement/ Build Placer Device
INFO: [Timing 38-35] Done setting XDC timing constraints.
Phase 1.2 IO Placement/ Clock Placement/ Build Placer Device | Checksum: 15e1b50e4

Time (s): cpu = 00:00:02 ; elapsed = 00:00:02 . Memory (MB): peak = 2377.328 ; gain = 24.012 ; free physical = 1205 ; free virtual = 5533

Phase 1.3 Build Placer Netlist Model
Phase 1.3 Build Placer Netlist Model | Checksum: 16ed637c4

Time (s): cpu = 00:00:03 ; elapsed = 00:00:02 . Memory (MB): peak = 2409.344 ; gain = 56.027 ; free physical = 1204 ; free virtual = 5533

Phase 1.4 Constrain Clocks/Macros
Phase 1.4 Constrain Clocks/Macros | Checksum: 16ed637c4

Time (s): cpu = 00:00:03 ; elapsed = 00:00:02 . Memory (MB): peak = 2409.344 ; gain = 56.027 ; free physical = 1204 ; free virtual = 5533
Phase 1 Placer Initialization | Checksum: 16ed637c4

Time (s): cpu = 00:00:03 ; elapsed = 00:00:02 . Memory (MB): peak = 2409.344 ; gain = 56.027 ; free physical = 1204 ; free virtual = 5533

Phase 2 Global Placement

Phase 2.1 Floorplanning
Phase 2.1 Floorplanning | Checksum: 16ed637c4

Time (s): cpu = 00:00:03 ; elapsed = 00:00:02 . Memory (MB): peak = 2409.344 ; gain = 56.027 ; free physical = 1200 ; free virtual = 5528
WARNING: [Place 46-29] place_design is not in timing mode. Skip physical synthesis in placer
Phase 2 Global Placement | Checksum: 1c8fc91c3

Time (s): cpu = 00:00:13 ; elapsed = 00:00:05 . Memory (MB): peak = 2409.344 ; gain = 56.027 ; free physical = 1155 ; free virtual = 5483

Phase 3 Detail Placement

Phase 3.1 Commit Multi Column Macros
Phase 3.1 Commit Multi Column Macros | Checksum: 1c8fc91c3

Time (s): cpu = 00:00:13 ; elapsed = 00:00:05 . Memory (MB): peak = 2409.344 ; gain = 56.027 ; free physical = 1155 ; free virtual = 5483

Phase 3.2 Commit Most Macros & LUTRAMs
Phase 3.2 Commit Most Macros & LUTRAMs | Checksum: 24fb35836

Time (s): cpu = 00:00:13 ; elapsed = 00:00:05 . Memory (MB): peak = 2409.344 ; gain = 56.027 ; free physical = 1151 ; free virtual = 5482

Phase 3.3 Area Swap Optimization
Phase 3.3 Area Swap Optimization | Checksum: 252577506

Time (s): cpu = 00:00:14 ; elapsed = 00:00:05 . Memory (MB): peak = 2409.344 ; gain = 56.027 ; free physical = 1151 ; free virtual = 5481

Phase 3.4 Pipeline Register Optimization
Phase 3.4 Pipeline Register Optimization | Checksum: 252577506

Time (s): cpu = 00:00:14 ; elapsed = 00:00:05 . Memory (MB): peak = 2409.344 ; gain = 56.027 ; free physical = 1151 ; free virtual = 5481

Phase 3.5 Small Shape Detail Placement
Phase 3.5 Small Shape Detail Placement | Checksum: 1b0cba303

Time (s): cpu = 00:00:16 ; elapsed = 00:00:06 . Memory (MB): peak = 2409.344 ; gain = 56.027 ; free physical = 1141 ; free virtual = 5475

Phase 3.6 Re-assign LUT pins
Phase 3.6 Re-assign LUT pins | Checksum: 1b0cba303

Time (s): cpu = 00:00:16 ; elapsed = 00:00:06 . Memory (MB): peak = 2409.344 ; gain = 56.027 ; free physical = 1141 ; free virtual = 5475

Phase 3.7 Pipeline Register Optimization
Phase 3.7 Pipeline Register Optimization | Checksum: 1b0cba303

Time (s): cpu = 00:00:16 ; elapsed = 00:00:06 . Memory (MB): peak = 2409.344 ; gain = 56.027 ; free physical = 1141 ; free virtual = 5475
Phase 3 Detail Placement | Checksum: 1b0cba303

Time (s): cpu = 00:00:16 ; elapsed = 00:00:06 . Memory (MB): peak = 2409.344 ; gain = 56.027 ; free physical = 1141 ; free virtual = 5475

Phase 4 Post Placement Optimization and Clean-Up

Phase 4.1 Post Commit Optimization
Phase 4.1 Post Commit Optimization | Checksum: 1b0cba303

Time (s): cpu = 00:00:16 ; elapsed = 00:00:06 . Memory (MB): peak = 2409.344 ; gain = 56.027 ; free physical = 1140 ; free virtual = 5475

Phase 4.2 Post Placement Cleanup
Phase 4.2 Post Placement Cleanup | Checksum: 1b0cba303

Time (s): cpu = 00:00:16 ; elapsed = 00:00:06 . Memory (MB): peak = 2409.344 ; gain = 56.027 ; free physical = 1148 ; free virtual = 5481

Phase 4.3 Placer Reporting
Phase 4.3 Placer Reporting | Checksum: 1b0cba303

Time (s): cpu = 00:00:16 ; elapsed = 00:00:06 . Memory (MB): peak = 2409.344 ; gain = 56.027 ; free physical = 1148 ; free virtual = 5481

Phase 4.4 Final Placement Cleanup
Netlist sorting complete. Time (s): cpu = 00:00:00 ; elapsed = 00:00:00 . Memory (MB): peak = 2409.344 ; gain = 0.000 ; free physical = 1148 ; free virtual = 5481
Phase 4.4 Final Placement Cleanup | Checksum: 1b0cba303

Time (s): cpu = 00:00:16 ; elapsed = 00:00:06 . Memory (MB): peak = 2409.344 ; gain = 56.027 ; free physical = 1148 ; free virtual = 5481
Phase 4 Post Placement Optimization and Clean-Up | Checksum: 1b0cba303

Time (s): cpu = 00:00:16 ; elapsed = 00:00:06 . Memory (MB): peak = 2409.344 ; gain = 56.027 ; free physical = 1148 ; free virtual = 5481
Ending Placer Task | Checksum: 16ecc7ad0

Time (s): cpu = 00:00:16 ; elapsed = 00:00:06 . Memory (MB): peak = 2409.344 ; gain = 56.027 ; free physical = 1199 ; free virtual = 5532
INFO: [Common 17-83] Releasing license: Implementation
12 Infos, 1 Warnings, 0 Critical Warnings and 0 Errors encountered.
place_design completed successfully
place_design: Time (s): cpu = 00:00:17 ; elapsed = 00:00:07 . Memory (MB): peak = 2409.344 ; gain = 88.043 ; free physical = 1199 ; free virtual = 5532
# report_utilization -hierarchical -file s004_switches_utilization_hierarchical_place.rpt
# report_utilization -file s004_switches_utilization_place.rpt
# report_io -file s004_switches_io.rpt
report_io: Time (s): cpu = 00:00:00.31 ; elapsed = 00:00:00.40 . Memory (MB): peak = 2409.344 ; gain = 0.000 ; free physical = 1178 ; free virtual = 5510
# report_control_sets -verbose -file s004_switches_control_sets.rpt
report_control_sets: Time (s): cpu = 00:00:00.10 ; elapsed = 00:00:00.17 . Memory (MB): peak = 2409.344 ; gain = 0.000 ; free physical = 1201 ; free virtual = 5528
# report_clock_utilization -file s004_switches_clock_utilization.rpt
# route_design -directive default
Command: route_design -directive default
Attempting to get a license for feature 'Implementation' and/or device 'xc7k325t'
INFO: [Common 17-349] Got license for feature 'Implementation' and/or device 'xc7k325t'
INFO: [Common 17-86] Your Implementation license expires in 17 day(s)
Running DRC as a precondition to command route_design
INFO: [DRC 23-27] Running DRC with 8 threads
INFO: [Vivado_Tcl 4-198] DRC finished with 0 Errors
INFO: [Vivado_Tcl 4-199] Please refer to the DRC report (report_drc) for more information.


Starting Routing Task
INFO: [Route 35-270] Using Router directive 'default'.
INFO: [Route 35-254] Multithreading enabled for route_design using a maximum of 8 CPUs
Checksum: PlaceDB: aa2589ac ConstDB: 0 ShapeSum: c4a6f124 RouteDB: 0

Phase 1 Build RT Design
Phase 1 Build RT Design | Checksum: 18116087b

Time (s): cpu = 00:01:16 ; elapsed = 00:00:49 . Memory (MB): peak = 2619.367 ; gain = 209.020 ; free physical = 1005 ; free virtual = 5272
Post Restoration Checksum: NetGraph: a5d33513 NumContArr: db42d368 Constraints: 0 Timing: 0

Phase 2 Router Initialization

Phase 2.1 Create Timer
INFO: [Timing 38-35] Done setting XDC timing constraints.
Phase 2.1 Create Timer | Checksum: 18116087b

Time (s): cpu = 00:01:16 ; elapsed = 00:00:49 . Memory (MB): peak = 2686.363 ; gain = 276.016 ; free physical = 978 ; free virtual = 5249

Phase 2.2 Fix Topology Constraints
Phase 2.2 Fix Topology Constraints | Checksum: 18116087b

Time (s): cpu = 00:01:16 ; elapsed = 00:00:49 . Memory (MB): peak = 2726.363 ; gain = 316.016 ; free physical = 935 ; free virtual = 5206

Phase 2.3 Pre Route Cleanup
Phase 2.3 Pre Route Cleanup | Checksum: 18116087b

Time (s): cpu = 00:01:16 ; elapsed = 00:00:49 . Memory (MB): peak = 2726.363 ; gain = 316.016 ; free physical = 935 ; free virtual = 5206

Phase 2.4 Update Timing
Phase 2.4 Update Timing | Checksum: 18116087b

Time (s): cpu = 00:01:17 ; elapsed = 00:00:50 . Memory (MB): peak = 2751.270 ; gain = 340.922 ; free physical = 936 ; free virtual = 5207
Phase 2 Router Initialization | Checksum: 18116087b

Time (s): cpu = 00:01:17 ; elapsed = 00:00:50 . Memory (MB): peak = 2751.270 ; gain = 340.922 ; free physical = 933 ; free virtual = 5204

Phase 3 Initial Routing
 Number of Nodes with overlaps = 0
Phase 3 Initial Routing | Checksum: 1df17595a

Time (s): cpu = 00:01:19 ; elapsed = 00:00:51 . Memory (MB): peak = 2757.234 ; gain = 346.887 ; free physical = 925 ; free virtual = 5198

Phase 4 Rip-up And Reroute

Phase 4.1 Global Iteration 0
Phase 4.1 Global Iteration 0 | Checksum: 1df17595a

Time (s): cpu = 00:01:19 ; elapsed = 00:00:51 . Memory (MB): peak = 2757.234 ; gain = 346.887 ; free physical = 925 ; free virtual = 5198
Phase 4 Rip-up And Reroute | Checksum: 1df17595a

Time (s): cpu = 00:01:19 ; elapsed = 00:00:51 . Memory (MB): peak = 2757.234 ; gain = 346.887 ; free physical = 925 ; free virtual = 5198

Phase 5 Delay and Skew Optimization

Phase 5.1 Delay CleanUp
Phase 5.1 Delay CleanUp | Checksum: 1df17595a

Time (s): cpu = 00:01:19 ; elapsed = 00:00:51 . Memory (MB): peak = 2757.234 ; gain = 346.887 ; free physical = 925 ; free virtual = 5198

Phase 5.2 Clock Skew Optimization
Phase 5.2 Clock Skew Optimization | Checksum: 1df17595a

Time (s): cpu = 00:01:19 ; elapsed = 00:00:51 . Memory (MB): peak = 2757.234 ; gain = 346.887 ; free physical = 925 ; free virtual = 5198
Phase 5 Delay and Skew Optimization | Checksum: 1df17595a

Time (s): cpu = 00:01:19 ; elapsed = 00:00:51 . Memory (MB): peak = 2757.234 ; gain = 346.887 ; free physical = 925 ; free virtual = 5198

Phase 6 Post Hold Fix

Phase 6.1 Hold Fix Iter

Phase 6.1.1 Update Timing
Phase 6.1.1 Update Timing | Checksum: 1df17595a

Time (s): cpu = 00:01:19 ; elapsed = 00:00:51 . Memory (MB): peak = 2757.234 ; gain = 346.887 ; free physical = 924 ; free virtual = 5197
Phase 6.1 Hold Fix Iter | Checksum: 1df17595a

Time (s): cpu = 00:01:19 ; elapsed = 00:00:51 . Memory (MB): peak = 2757.234 ; gain = 346.887 ; free physical = 924 ; free virtual = 5197
Phase 6 Post Hold Fix | Checksum: 1df17595a

Time (s): cpu = 00:01:19 ; elapsed = 00:00:51 . Memory (MB): peak = 2757.234 ; gain = 346.887 ; free physical = 924 ; free virtual = 5197

Phase 7 Route finalize

Router Utilization Summary
  Global Vertical Routing Utilization    = 0.00604384 %
  Global Horizontal Routing Utilization  = 0.00599815 %
  Routable Net Status*
  *Does not include unroutable nets such as driverless and loadless.
  Run report_route_status for detailed report.
  Number of Failed Nets               = 0
  Number of Unrouted Nets             = 0
  Number of Partially Routed Nets     = 0
  Number of Node Overlaps             = 0

Phase 7 Route finalize | Checksum: 1df17595a

Time (s): cpu = 00:01:19 ; elapsed = 00:00:51 . Memory (MB): peak = 2757.234 ; gain = 346.887 ; free physical = 922 ; free virtual = 5196

Phase 8 Verifying routed nets

 Verification completed successfully
Phase 8 Verifying routed nets | Checksum: 1df17595a

Time (s): cpu = 00:01:19 ; elapsed = 00:00:51 . Memory (MB): peak = 2757.234 ; gain = 346.887 ; free physical = 921 ; free virtual = 5194

Phase 9 Depositing Routes
Phase 9 Depositing Routes | Checksum: 1f6937c02

Time (s): cpu = 00:01:19 ; elapsed = 00:00:51 . Memory (MB): peak = 2757.234 ; gain = 346.887 ; free physical = 921 ; free virtual = 5194

Phase 10 Post Router Timing
Phase 10 Post Router Timing | Checksum: 1f6937c02

Time (s): cpu = 00:01:19 ; elapsed = 00:00:51 . Memory (MB): peak = 2757.234 ; gain = 346.887 ; free physical = 922 ; free virtual = 5196
INFO: [Route 35-16] Router Completed Successfully

Time (s): cpu = 00:01:19 ; elapsed = 00:00:51 . Memory (MB): peak = 2757.234 ; gain = 346.887 ; free physical = 973 ; free virtual = 5247

Routing Is Done.
INFO: [Common 17-83] Releasing license: Implementation
10 Infos, 0 Warnings, 0 Critical Warnings and 0 Errors encountered.
route_design completed successfully
route_design: Time (s): cpu = 00:01:20 ; elapsed = 00:00:52 . Memory (MB): peak = 2757.234 ; gain = 347.891 ; free physical = 973 ; free virtual = 5247
# phys_opt_design -directive default
Command: phys_opt_design -directive default
Attempting to get a license for feature 'Implementation' and/or device 'xc7k325t'
INFO: [Common 17-349] Got license for feature 'Implementation' and/or device 'xc7k325t'
INFO: [Common 17-86] Your Implementation license expires in 17 day(s)
INFO: [Vivado_Tcl 4-241] Physical synthesis in post route mode ( 100.0% nets are fully routed)
INFO: [Vivado_Tcl 4-137] Directive used for phys_opt_design is: default
INFO: [Vivado_Tcl 4-383] Design worst setup slack (WNS) is greater than or equal to 0.000 ns. Skipping all physical synthesis optimizations.
INFO: [Vivado_Tcl 4-232] No setup violation found. The netlist was not modified.
INFO: [Common 17-83] Releasing license: Implementation
7 Infos, 0 Warnings, 0 Critical Warnings and 0 Errors encountered.
phys_opt_design completed successfully
# write_checkpoint -force s004_switches_route.dcp
Netlist sorting complete. Time (s): cpu = 00:00:00 ; elapsed = 00:00:00 . Memory (MB): peak = 2757.234 ; gain = 0.000 ; free physical = 973 ; free virtual = 5247
INFO: [Timing 38-480] Writing timing data to binary archive.
Writing placer database...
Writing XDEF routing.
Writing XDEF routing logical nets.
Writing XDEF routing special nets.
Write XDEF Complete: Time (s): cpu = 00:00:00.03 ; elapsed = 00:00:00.02 . Memory (MB): peak = 2757.234 ; gain = 0.000 ; free physical = 974 ; free virtual = 5248
Netlist sorting complete. Time (s): cpu = 00:00:00 ; elapsed = 00:00:00 . Memory (MB): peak = 2757.234 ; gain = 0.000 ; free physical = 973 ; free virtual = 5247
INFO: [Common 17-1381] The checkpoint '/home/lam/data2/edabk/fpga_101/lab001/solutions/build_s004_switches/s004_switches_route.dcp' has been generated.
# report_timing_summary -no_header -no_detailed_paths
INFO: [Timing 38-91] UpdateTimingParams: Speed grade: -2, Delay Type: min_max.
INFO: [Timing 38-191] Multithreading enabled for timing update using a maximum of 8 CPUs
------------------------------------------------------------------------------------------------
| Timer Settings
| --------------
------------------------------------------------------------------------------------------------

  Enable Multi Corner Analysis               :  Yes
  Enable Pessimism Removal                   :  Yes
  Pessimism Removal Resolution               :  Nearest Common Node
  Enable Input Delay Default Clock           :  No
  Enable Preset / Clear Arcs                 :  No
  Disable Flight Delays                      :  No
  Ignore I/O Paths                           :  No
  Timing Early Launch at Borrowing Latches   :  false

  Corner  Analyze    Analyze    
  Name    Max Paths  Min Paths  
  ------  ---------  ---------  
  Slow    Yes        Yes        
  Fast    Yes        Yes        



check_timing report

Table of Contents
-----------------
1. checking no_clock
2. checking constant_clock
3. checking pulse_width_clock
4. checking unconstrained_internal_endpoints
5. checking no_input_delay
6. checking no_output_delay
7. checking multiple_clock
8. checking generated_clocks
9. checking loops
10. checking partial_input_delay
11. checking partial_output_delay
12. checking latch_loops

1. checking no_clock
--------------------
 There are 0 register/latch pins with no clock.


2. checking constant_clock
--------------------------
 There are 0 register/latch pins with constant_clock.


3. checking pulse_width_clock
-----------------------------
 There are 0 register/latch pins which need pulse_width check


4. checking unconstrained_internal_endpoints
--------------------------------------------
 There are 0 pins that are not constrained for maximum delay.

 There are 0 pins that are not constrained for maximum delay due to constant clock.


5. checking no_input_delay
--------------------------
 There are 0 input ports with no input delay specified.

 There are 0 input ports with no input delay but user has a false path constraint.


6. checking no_output_delay
---------------------------
 There are 0 ports with no output delay specified.

 There are 0 ports with no output delay but user has a false path constraint

 There are 0 ports with no output delay but with a timing clock defined on it or propagating through it


7. checking multiple_clock
--------------------------
 There are 0 register/latch pins with multiple clocks.


8. checking generated_clocks
----------------------------
 There are 0 generated clocks that are not connected to a clock source.


9. checking loops
-----------------
 There are 0 combinational loops in the design.


10. checking partial_input_delay
--------------------------------
 There are 0 input ports with partial input delay specified.


11. checking partial_output_delay
---------------------------------
 There are 0 ports with partial output delay specified.


12. checking latch_loops
------------------------
 There are 0 combinational latch loops in the design through latch input



------------------------------------------------------------------------------------------------
| Design Timing Summary
| ---------------------
------------------------------------------------------------------------------------------------

    WNS(ns)      TNS(ns)  TNS Failing Endpoints  TNS Total Endpoints      WHS(ns)      THS(ns)  THS Failing Endpoints  THS Total Endpoints     WPWS(ns)     TPWS(ns)  TPWS Failing Endpoints  TPWS Total Endpoints  
    -------      -------  ---------------------  -------------------      -------      -------  ---------------------  -------------------     --------     --------  ----------------------  --------------------  
         NA           NA                     NA                   NA           NA           NA                     NA                   NA           NA           NA                      NA                    NA  


All user specified timing constraints are met.


------------------------------------------------------------------------------------------------
| Clock Summary
| -------------
------------------------------------------------------------------------------------------------

Clock     Waveform(ns)         Period(ns)      Frequency(MHz)
-----     ------------         ----------      --------------
clk156_p  {0.000 3.205}        6.410           156.006         


------------------------------------------------------------------------------------------------
| Intra Clock Table
| -----------------
------------------------------------------------------------------------------------------------

Clock             WNS(ns)      TNS(ns)  TNS Failing Endpoints  TNS Total Endpoints      WHS(ns)      THS(ns)  THS Failing Endpoints  THS Total Endpoints     WPWS(ns)     TPWS(ns)  TPWS Failing Endpoints  TPWS Total Endpoints  
-----             -------      -------  ---------------------  -------------------      -------      -------  ---------------------  -------------------     --------     --------  ----------------------  --------------------  


------------------------------------------------------------------------------------------------
| Inter Clock Table
| -----------------
------------------------------------------------------------------------------------------------

From Clock    To Clock          WNS(ns)      TNS(ns)  TNS Failing Endpoints  TNS Total Endpoints      WHS(ns)      THS(ns)  THS Failing Endpoints  THS Total Endpoints  
----------    --------          -------      -------  ---------------------  -------------------      -------      -------  ---------------------  -------------------  


------------------------------------------------------------------------------------------------
| Other Path Groups Table
| -----------------------
------------------------------------------------------------------------------------------------

Path Group    From Clock    To Clock          WNS(ns)      TNS(ns)  TNS Failing Endpoints  TNS Total Endpoints      WHS(ns)      THS(ns)  THS Failing Endpoints  THS Total Endpoints  
----------    ----------    --------          -------      -------  ---------------------  -------------------      -------      -------  ---------------------  -------------------  


# report_route_status -file s004_switches_route_status.rpt
# report_drc -file s004_switches_drc.rpt
Command: report_drc -file s004_switches_drc.rpt
INFO: [IP_Flow 19-234] Refreshing IP repositories
INFO: [IP_Flow 19-1704] No user IP repositories specified
INFO: [IP_Flow 19-2313] Loaded Vivado IP repository '/opt/Xilinx/Vivado/2018.3/data/ip'.
INFO: [DRC 23-27] Running DRC with 8 threads
INFO: [Coretcl 2-168] The results of DRC are in file /home/lam/data2/edabk/fpga_101/lab001/solutions/build_s004_switches/s004_switches_drc.rpt.
report_drc completed successfully
# report_timing_summary -datasheet -max_paths 10 -file s004_switches_timing.rpt
INFO: [Timing 38-91] UpdateTimingParams: Speed grade: -2, Delay Type: min_max.
INFO: [Timing 38-191] Multithreading enabled for timing update using a maximum of 8 CPUs
# report_power -file s004_switches_power.rpt
Command: report_power -file s004_switches_power.rpt
Running Vector-less Activity Propagation...

Finished Running Vector-less Activity Propagation
0 Infos, 0 Warnings, 0 Critical Warnings and 0 Errors encountered.
report_power completed successfully
# write_bitstream -force s004_switches.bit 
Command: write_bitstream -force s004_switches.bit
Attempting to get a license for feature 'Implementation' and/or device 'xc7k325t'
INFO: [Common 17-349] Got license for feature 'Implementation' and/or device 'xc7k325t'
INFO: [Common 17-86] Your Implementation license expires in 17 day(s)
Running DRC as a precondition to command write_bitstream
INFO: [IP_Flow 19-1839] IP Catalog is up to date.
INFO: [DRC 23-27] Running DRC with 8 threads
WARNING: [DRC BUFC-1] Input Buffer Connections: Input buffer IBUFDS has no loads. It is recommended to have an input buffer drive an internal load.
WARNING: [DRC CFGBVS-1] Missing CFGBVS and CONFIG_VOLTAGE Design Properties: Neither the CFGBVS nor CONFIG_VOLTAGE voltage property is set in the current_design.  Configuration bank voltage select (CFGBVS) must be set to VCCO or GND, and CONFIG_VOLTAGE must be set to the correct configuration voltage, in order to determine the I/O voltage support for the pins in bank 0.  It is suggested to specify these either using the 'Edit Device Properties' function in the GUI or directly in the XDC file using the following syntax:

 set_property CFGBVS value1 [current_design]
 #where value1 is either VCCO or GND

 set_property CONFIG_VOLTAGE value2 [current_design]
 #where value2 is the voltage provided to configuration bank 0

Refer to the device configuration user guide for more information.
INFO: [Vivado 12-3199] DRC finished with 0 Errors, 2 Warnings
INFO: [Vivado 12-3200] Please refer to the DRC report (report_drc) for more information.
INFO: [Designutils 20-2272] Running write_bitstream with 8 threads.
Loading data files...
Loading site data...
Loading route data...
Processing options...
Creating bitmap...
Creating bitstream...
Writing bitstream ./s004_switches.bit...
INFO: [Vivado 12-1842] Bitgen Completed Successfully.
INFO: [Project 1-118] WebTalk data collection is enabled (User setting is ON. Install Setting is ON.).
INFO: [Common 17-83] Releasing license: Implementation
10 Infos, 2 Warnings, 0 Critical Warnings and 0 Errors encountered.
write_bitstream completed successfully
write_bitstream: Time (s): cpu = 00:00:26 ; elapsed = 00:00:26 . Memory (MB): peak = 3138.926 ; gain = 333.668 ; free physical = 871 ; free virtual = 5165
# quit
INFO: [Common 17-206] Exiting Vivado at Tue May 17 00:09:56 2022...
